Loading cudnn7.6-cuda10.1/7.6.5.32
  Loading requirement: cuda10.1/toolkit/10.1.243
2021-08-12 14:34:23.875688: I tensorflow/stream_executor/platform/default/dso_loader.cc:48] Successfully opened dynamic library libcudart.so.10.1
iteration:0
2021-08-12 14:35:40.268904: I tensorflow/stream_executor/platform/default/dso_loader.cc:48] Successfully opened dynamic library libcuda.so.1
2021-08-12 14:35:40.514481: I tensorflow/core/common_runtime/gpu/gpu_device.cc:1716] Found device 0 with properties: 
pciBusID: 0000:44:00.0 name: Tesla V100S-PCIE-32GB computeCapability: 7.0
coreClock: 1.597GHz coreCount: 80 deviceMemorySize: 31.75GiB deviceMemoryBandwidth: 1.03TiB/s
2021-08-12 14:35:40.514571: I tensorflow/stream_executor/platform/default/dso_loader.cc:48] Successfully opened dynamic library libcudart.so.10.1
2021-08-12 14:35:40.519701: I tensorflow/stream_executor/platform/default/dso_loader.cc:48] Successfully opened dynamic library libcublas.so.10
2021-08-12 14:35:40.523863: I tensorflow/stream_executor/platform/default/dso_loader.cc:48] Successfully opened dynamic library libcufft.so.10
2021-08-12 14:35:40.524787: I tensorflow/stream_executor/platform/default/dso_loader.cc:48] Successfully opened dynamic library libcurand.so.10
2021-08-12 14:35:40.528351: I tensorflow/stream_executor/platform/default/dso_loader.cc:48] Successfully opened dynamic library libcusolver.so.10
2021-08-12 14:35:40.530360: I tensorflow/stream_executor/platform/default/dso_loader.cc:48] Successfully opened dynamic library libcusparse.so.10
2021-08-12 14:35:40.537168: I tensorflow/stream_executor/platform/default/dso_loader.cc:48] Successfully opened dynamic library libcudnn.so.7
2021-08-12 14:35:40.555683: I tensorflow/core/common_runtime/gpu/gpu_device.cc:1858] Adding visible gpu devices: 0
2021-08-12 14:35:40.556798: I tensorflow/core/platform/cpu_feature_guard.cc:142] This TensorFlow binary is optimized with oneAPI Deep Neural Network Library (oneDNN)to use the following CPU instructions in performance-critical operations:  AVX2 AVX512F FMA
To enable them in other operations, rebuild TensorFlow with the appropriate compiler flags.
2021-08-12 14:35:40.580350: I tensorflow/core/platform/profile_utils/cpu_utils.cc:104] CPU Frequency: 2500000000 Hz
2021-08-12 14:35:40.582146: I tensorflow/compiler/xla/service/service.cc:168] XLA service 0x5555685c1cb0 initialized for platform Host (this does not guarantee that XLA will be used). Devices:
2021-08-12 14:35:40.582172: I tensorflow/compiler/xla/service/service.cc:176]   StreamExecutor device (0): Host, Default Version
2021-08-12 14:35:41.214931: I tensorflow/compiler/xla/service/service.cc:168] XLA service 0x555568dc77f0 initialized for platform CUDA (this does not guarantee that XLA will be used). Devices:
2021-08-12 14:35:41.214999: I tensorflow/compiler/xla/service/service.cc:176]   StreamExecutor device (0): Tesla V100S-PCIE-32GB, Compute Capability 7.0
2021-08-12 14:35:41.226631: I tensorflow/core/common_runtime/gpu/gpu_device.cc:1716] Found device 0 with properties: 
pciBusID: 0000:44:00.0 name: Tesla V100S-PCIE-32GB computeCapability: 7.0
coreClock: 1.597GHz coreCount: 80 deviceMemorySize: 31.75GiB deviceMemoryBandwidth: 1.03TiB/s
2021-08-12 14:35:41.226711: I tensorflow/stream_executor/platform/default/dso_loader.cc:48] Successfully opened dynamic library libcudart.so.10.1
2021-08-12 14:35:41.226763: I tensorflow/stream_executor/platform/default/dso_loader.cc:48] Successfully opened dynamic library libcublas.so.10
2021-08-12 14:35:41.226794: I tensorflow/stream_executor/platform/default/dso_loader.cc:48] Successfully opened dynamic library libcufft.so.10
2021-08-12 14:35:41.226823: I tensorflow/stream_executor/platform/default/dso_loader.cc:48] Successfully opened dynamic library libcurand.so.10
2021-08-12 14:35:41.226851: I tensorflow/stream_executor/platform/default/dso_loader.cc:48] Successfully opened dynamic library libcusolver.so.10
2021-08-12 14:35:41.226878: I tensorflow/stream_executor/platform/default/dso_loader.cc:48] Successfully opened dynamic library libcusparse.so.10
2021-08-12 14:35:41.226908: I tensorflow/stream_executor/platform/default/dso_loader.cc:48] Successfully opened dynamic library libcudnn.so.7
2021-08-12 14:35:41.248793: I tensorflow/core/common_runtime/gpu/gpu_device.cc:1858] Adding visible gpu devices: 0
2021-08-12 14:35:41.248878: I tensorflow/stream_executor/platform/default/dso_loader.cc:48] Successfully opened dynamic library libcudart.so.10.1
2021-08-12 14:35:42.002345: I tensorflow/core/common_runtime/gpu/gpu_device.cc:1257] Device interconnect StreamExecutor with strength 1 edge matrix:
2021-08-12 14:35:42.002384: I tensorflow/core/common_runtime/gpu/gpu_device.cc:1263]      0 
2021-08-12 14:35:42.002391: I tensorflow/core/common_runtime/gpu/gpu_device.cc:1276] 0:   N 
2021-08-12 14:35:42.009212: I tensorflow/core/common_runtime/gpu/gpu_device.cc:1402] Created TensorFlow device (/job:localhost/replica:0/task:0/device:GPU:0 with 30132 MB memory) -> physical GPU (device: 0, name: Tesla V100S-PCIE-32GB, pci bus id: 0000:44:00.0, compute capability: 7.0)
2021-08-12 14:35:42.529809: I tensorflow/stream_executor/platform/default/dso_loader.cc:48] Successfully opened dynamic library libcublas.so.10
2021-08-12 14:35:43.287951: I tensorflow/core/kernels/cuda_solvers.cc:180] Creating CudaSolver handles for stream 0x55555c9a38b0
2021-08-12 14:35:43.288079: I tensorflow/stream_executor/platform/default/dso_loader.cc:48] Successfully opened dynamic library libcusolver.so.10
2021-08-12 14:35:43.618605: I tensorflow/stream_executor/platform/default/dso_loader.cc:48] Successfully opened dynamic library libcublas.so.10
iteration:1
iteration:2
iteration:3
iteration:4
iteration:5
iteration:6
iteration:7
iteration:8
iteration:9
iteration:10
iteration:11
iteration:12
iteration:13
iteration:14
iteration:15
iteration:16
iteration:17
iteration:18
iteration:19
iteration:20
iteration:21
iteration:22
iteration:23
iteration:24
iteration:25
iteration:26
iteration:27
iteration:28
iteration:29
iteration:30
iteration:31
iteration:32
iteration:33
iteration:34
iteration:35
iteration:36
iteration:37
iteration:38
iteration:39
iteration:40
iteration:41
iteration:42
iteration:43
iteration:44
iteration:45
iteration:46
iteration:47
iteration:48
iteration:49
iteration:50
iteration:51
iteration:52
iteration:53
iteration:54
iteration:55
iteration:56
iteration:57
iteration:58
iteration:59
iteration:60
iteration:61
iteration:62
iteration:63
iteration:64
iteration:65
iteration:66
iteration:67
iteration:68
iteration:69
iteration:70
iteration:71
iteration:72
iteration:73
iteration:74
iteration:75
iteration:76
iteration:77
iteration:78
iteration:79
iteration:80
iteration:81
iteration:82
iteration:83
iteration:84
iteration:85
iteration:86
iteration:87
iteration:88
iteration:89
iteration:90
iteration:91
iteration:92
iteration:93
iteration:94
iteration:95
iteration:96
iteration:97
iteration:98
iteration:99
iteration:100
iteration:101
iteration:102
iteration:103
iteration:104
iteration:105
iteration:106
iteration:107
iteration:108
iteration:109
iteration:110
iteration:111
iteration:112
iteration:113
iteration:114
iteration:115
iteration:116
iteration:117
iteration:118
iteration:119
iteration:120
iteration:121
iteration:122
iteration:123
iteration:124
iteration:125
iteration:126
iteration:127
iteration:128
iteration:129
iteration:130
iteration:131
iteration:132
iteration:133
iteration:134
iteration:135
iteration:136
iteration:137
iteration:138
iteration:139
iteration:140
iteration:141
iteration:142
iteration:143
iteration:144
iteration:145
iteration:146
iteration:147
iteration:148
iteration:149
iteration:150
iteration:151
iteration:152
iteration:153
iteration:154
iteration:155
iteration:156
iteration:157
iteration:158
iteration:159
iteration:160
iteration:161
iteration:162
iteration:163
iteration:164
iteration:165
iteration:166
iteration:167
iteration:168
iteration:169
iteration:170
iteration:171
iteration:172
iteration:173
iteration:174
iteration:175
iteration:176
iteration:177
iteration:178
iteration:179
iteration:180
iteration:181
iteration:182
iteration:183
iteration:184
iteration:185
iteration:186
iteration:187
iteration:188
iteration:189
iteration:190
iteration:191
iteration:192
iteration:193
iteration:194
iteration:195
iteration:196
iteration:197
iteration:198
iteration:199
iteration:200
iteration:201
iteration:202
iteration:203
iteration:204
iteration:205
iteration:206
iteration:207
iteration:208
iteration:209
iteration:210
iteration:211
iteration:212
iteration:213
iteration:214
iteration:215
iteration:216
iteration:217
iteration:218
iteration:219
iteration:220
iteration:221
iteration:222
iteration:223
iteration:224
iteration:225
iteration:226
iteration:227
iteration:228
iteration:229
iteration:230
iteration:231
iteration:232
iteration:233
iteration:234
iteration:235
iteration:236
iteration:237
iteration:238
iteration:239
iteration:240
iteration:241
iteration:242
iteration:243
iteration:244
iteration:245
iteration:246
iteration:247
iteration:248
iteration:249
EZF sum rate:20.70182
DUU MISO sum rate:31.05450
WMMSE sum rate:33.76617
