2021-08-12 12:00:08.467402: I tensorflow/stream_executor/platform/default/dso_loader.cc:48] Successfully opened dynamic library libcudart.so.10.1
iteration:0
2021-08-12 12:00:20.686877: I tensorflow/stream_executor/platform/default/dso_loader.cc:48] Successfully opened dynamic library libcuda.so.1
2021-08-12 12:00:20.735337: E tensorflow/stream_executor/cuda/cuda_driver.cc:314] failed call to cuInit: CUDA_ERROR_NOT_INITIALIZED: initialization error
2021-08-12 12:00:20.735410: I tensorflow/stream_executor/cuda/cuda_diagnostics.cc:169] retrieving CUDA diagnostic information for host: pgpu06
2021-08-12 12:00:20.735419: I tensorflow/stream_executor/cuda/cuda_diagnostics.cc:176] hostname: pgpu06
2021-08-12 12:00:20.735605: I tensorflow/stream_executor/cuda/cuda_diagnostics.cc:200] libcuda reported version is: 450.51.5
2021-08-12 12:00:20.735649: I tensorflow/stream_executor/cuda/cuda_diagnostics.cc:204] kernel reported version is: 450.51.5
2021-08-12 12:00:20.735655: I tensorflow/stream_executor/cuda/cuda_diagnostics.cc:310] kernel version seems to match DSO: 450.51.5
2021-08-12 12:00:20.736432: I tensorflow/core/platform/cpu_feature_guard.cc:142] This TensorFlow binary is optimized with oneAPI Deep Neural Network Library (oneDNN)to use the following CPU instructions in performance-critical operations:  AVX2 AVX512F FMA
To enable them in other operations, rebuild TensorFlow with the appropriate compiler flags.
2021-08-12 12:00:20.753193: I tensorflow/core/platform/profile_utils/cpu_utils.cc:104] CPU Frequency: 2500000000 Hz
2021-08-12 12:00:20.753664: I tensorflow/compiler/xla/service/service.cc:168] XLA service 0x55555b869df0 initialized for platform Host (this does not guarantee that XLA will be used). Devices:
2021-08-12 12:00:20.753700: I tensorflow/compiler/xla/service/service.cc:176]   StreamExecutor device (0): Host, Default Version
iteration:1
iteration:2
iteration:3
iteration:4
iteration:5
iteration:6
iteration:7
iteration:8
iteration:9
iteration:10
iteration:11
iteration:12
iteration:13
iteration:14
iteration:15
iteration:16
iteration:17
iteration:18
iteration:19
EZF sum rate:20.74563
DUU MISO sum rate:30.95942
WMMSE sum rate:33.65123
